Removed Pin From Net: NetName=GND Pin=P6-1
Removed Pin From Net: NetName=3.3V Pin=P6-2
Removed Pin From Net: NetName=3.3V Pin=P6-3
Removed Pin From Net: NetName=3.3V Pin=P6-4
Removed Pin From Net: NetName=3.3V Pin=P6-5
Removed Pin From Net: NetName=3.3V Pin=P6-10
Removed Pin From Net: NetName=3.3V Pin=P6-11
Removed Pin From Net: NetName=GND Pin=P6-12
Removed Pin From Net: NetName=GND Pin=P6-13
Removed Pin From Net: NetName=GND Pin=P6-14
Removed Pin From Net: NetName=GND Pin=P6-15
Removed Pin From Net: NetName=GND Pin=P6-32
Removed Pin From Net: NetName=3.3V Pin=P6-43
Removed Pin From Net: NetName=GND Pin=P6-50
Removed Pin From Net: NetName=GND Pin=P8-1
Removed Pin From Net: NetName=3.3V Pin=P8-2
Removed Pin From Net: NetName=3.3V Pin=P8-3
Removed Pin From Net: NetName=GND Pin=P8-8
Removed Pin From Net: NetName=GND Pin=Q1-1
Removed Pin From Net: NetName=3.3V Pin=R21-1
Removed Pin From Net: NetName=GND Pin=R23-2
Removed Member From Class: ClassName=Sheet1 Member=P6
Removed Member From Class: ClassName=Sheet1 Member=P8
Removed Member From Class: ClassName=Sheet1 Member=Q1
Removed Member From Class: ClassName=Sheet1 Member=R21
Removed Member From Class: ClassName=Sheet1 Member=R22
Removed Member From Class: ClassName=Sheet1 Member=R23
