Removed Pin From Net: NetName=PA1 Pin=P9-1
Removed Pin From Net: NetName=PA2 Pin=P9-2
Removed Pin From Net: NetName=PA3 Pin=P9-3
Removed Pin From Net: NetName=SPI_CSN Pin=P9-4
Removed Pin From Net: NetName=SPI_SCK Pin=P9-5
Removed Pin From Net: NetName=SPI_MISO Pin=P9-6
Removed Pin From Net: NetName=SPI_MOSI Pin=P9-7
Removed Pin From Net: NetName=PC4 Pin=P9-8
Removed Pin From Net: NetName=PC5 Pin=P9-9
Removed Pin From Net: NetName=MOTOR1 Pin=P9-10
Removed Pin From Net: NetName=MOTOR2 Pin=P9-11
Removed Pin From Net: NetName=TOUCH_SCL Pin=P9-12
Removed Pin From Net: NetName=TOUCH_SDA Pin=P9-13
Removed Pin From Net: NetName=LCD_IM0 Pin=P9-14
Removed Pin From Net: NetName=LCD_IM1 Pin=P9-15
Removed Pin From Net: NetName=LCD_IM2 Pin=P9-16
Removed Pin From Net: NetName=PE5 Pin=P9-17
Removed Pin From Net: NetName=PE6 Pin=P9-18
Removed Pin From Net: NetName=PC13 Pin=P9-19
Removed Pin From Net: NetName=NRF_CE Pin=P9-20
Removed Pin From Net: NetName=NRF_IRQ Pin=P9-21
Removed Pin From Net: NetName=PC0 Pin=P9-22
Removed Pin From Net: NetName=PC1 Pin=P9-23
Removed Pin From Net: NetName=TOUCH_INT Pin=P9-24
Removed Pin From Net: NetName=TOUCH_RST Pin=P9-25
Removed Pin From Net: NetName=PA0 Pin=P9-26
Removed Pin From Net: NetName=LCD_RES Pin=P10-1
Removed Pin From Net: NetName=MPU_INT Pin=P10-2
Removed Pin From Net: NetName=I2C_SCL Pin=P10-3
Removed Pin From Net: NetName=I2C_SDA Pin=P10-4
Removed Pin From Net: NetName=LCD_SPI_SDO Pin=P10-5
Removed Pin From Net: NetName=LCD_SPI_SDI Pin=P10-6
Removed Pin From Net: NetName=LCD_LEDK Pin=P10-7
Removed Pin From Net: NetName=3.3V Pin=P10-8
Removed Pin From Net: NetName=3.3V Pin=P10-9
Removed Pin From Net: NetName=3.3V Pin=P10-10
Removed Pin From Net: NetName=GND Pin=P10-11
Removed Pin From Net: NetName=GND Pin=P10-12
Removed Pin From Net: NetName=GND Pin=P10-13
Removed Pin From Net: NetName=PB12 Pin=P10-14
Removed Pin From Net: NetName=PB13 Pin=P10-15
Removed Pin From Net: NetName=PB14 Pin=P10-16
Removed Pin From Net: NetName=PB15 Pin=P10-17
Removed Pin From Net: NetName=MOTOR3 Pin=P10-18
Removed Pin From Net: NetName=MOTOR4 Pin=P10-19
Removed Pin From Net: NetName=PC6 Pin=P10-20
Removed Pin From Net: NetName=PC7 Pin=P10-21
Removed Pin From Net: NetName=PA8 Pin=P10-22
Removed Pin From Net: NetName=PA15 Pin=P10-23
Removed Pin From Net: NetName=PD3 Pin=P10-24
Removed Pin From Net: NetName=PD6 Pin=P10-25
Removed Pin From Net: NetName=PB3 Pin=P10-26
Change Component Footprint: Designator=P9 Old Footprint=HDR2X13_CEN New Footprint=HDR1X11
Change Component Footprint: Designator=P10 Old Footprint=HDR2X13_CEN New Footprint=HDR1X11
Change Component Comment : Designator=P9 Old Comment=Header 13X2A New Comment=Header 11
Change Component Comment : Designator=P10 Old Comment=Header 13X2A New Comment=Header 11
Added Pin To Net: NetName=PE5 Pin=P9-1
Added Pin To Net: NetName=PE6 Pin=P9-2
Added Pin To Net: NetName=PC13 Pin=P9-3
Added Pin To Net: NetName=PC0 Pin=P9-4
Added Pin To Net: NetName=PC1 Pin=P9-5
Added Pin To Net: NetName=PA0 Pin=P9-6
Added Pin To Net: NetName=PA1 Pin=P9-7
Added Pin To Net: NetName=PA2 Pin=P9-8
Added Pin To Net: NetName=PA3 Pin=P9-9
Added Pin To Net: NetName=PC4 Pin=P9-10
Added Pin To Net: NetName=PC5 Pin=P9-11
Added Pin To Net: NetName=PB12 Pin=P10-1
Added Pin To Net: NetName=PB13 Pin=P10-2
Added Pin To Net: NetName=PB14 Pin=P10-3
Added Pin To Net: NetName=PB15 Pin=P10-4
Added Pin To Net: NetName=PC6 Pin=P10-5
Added Pin To Net: NetName=PC7 Pin=P10-6
Added Pin To Net: NetName=PA8 Pin=P10-7
Added Pin To Net: NetName=PA15 Pin=P10-8
Added Pin To Net: NetName=PD3 Pin=P10-9
Added Pin To Net: NetName=PD6 Pin=P10-10
Added Pin To Net: NetName=PB3 Pin=P10-11
