Change Component Designator: Old Designator=B1 New Designator=B3
Change Component Designator: Old Designator=B2 New Designator=B1
Change Component Designator: Old Designator=B3 New Designator=B2
Change Component Designator: Old Designator=C1 New Designator=C4
Change Component Designator: Old Designator=C2 New Designator=C5
Change Component Designator: Old Designator=C3 New Designator=C6
Change Component Designator: Old Designator=C4 New Designator=C7
Change Component Designator: Old Designator=C5 New Designator=C3
Change Component Designator: Old Designator=C6 New Designator=C1
Change Component Designator: Old Designator=C7 New Designator=C2
Change Component Designator: Old Designator=D1 New Designator=D5
Change Component Designator: Old Designator=D2 New Designator=D6
Change Component Designator: Old Designator=D3 New Designator=D1
Change Component Designator: Old Designator=D4 New Designator=D2
Change Component Designator: Old Designator=D5 New Designator=D3
Change Component Designator: Old Designator=D6 New Designator=D4
Change Component Designator: Old Designator=P1 New Designator=P11
Change Component Designator: Old Designator=P2 New Designator=P12
Change Component Designator: Old Designator=P3 New Designator=P1
Change Component Designator: Old Designator=P4 New Designator=P2
Change Component Designator: Old Designator=P5 New Designator=P3
Change Component Designator: Old Designator=P6 New Designator=P4
Change Component Designator: Old Designator=P7 New Designator=P5
Change Component Designator: Old Designator=P8 New Designator=P6
Change Component Designator: Old Designator=P9 New Designator=P7
Change Component Designator: Old Designator=P10 New Designator=P8
Change Component Designator: Old Designator=P11 New Designator=P13
Change Component Designator: Old Designator=P12 New Designator=P14
Change Component Designator: Old Designator=P13 New Designator=P15
Change Component Designator: Old Designator=P? New Designator=P9
Change Component Designator: Old Designator=P? New Designator=P10
Change Component Designator: Old Designator=R1 New Designator=R16
Change Component Designator: Old Designator=R2 New Designator=R17
Change Component Designator: Old Designator=R3 New Designator=R18
Change Component Designator: Old Designator=R4 New Designator=R19
Change Component Designator: Old Designator=R5 New Designator=R20
Change Component Designator: Old Designator=R6 New Designator=R1
Change Component Designator: Old Designator=R7 New Designator=R2
Change Component Designator: Old Designator=R8 New Designator=R3
Change Component Designator: Old Designator=R9 New Designator=R4
Change Component Designator: Old Designator=R10 New Designator=R5
Change Component Designator: Old Designator=R11 New Designator=R6
Change Component Designator: Old Designator=R12 New Designator=R7
Change Component Designator: Old Designator=R13 New Designator=R8
Change Component Designator: Old Designator=R14 New Designator=R9
Change Component Designator: Old Designator=R15 New Designator=R10
Change Component Designator: Old Designator=R16 New Designator=R11
Change Component Designator: Old Designator=R17 New Designator=R12
Change Component Designator: Old Designator=R18 New Designator=R13
Change Component Designator: Old Designator=R19 New Designator=R14
Change Component Designator: Old Designator=R20 New Designator=R15
