Removed Pin From Net: NetName=GND Pin=P3-1
Removed Pin From Net: NetName=3.3V Pin=P3-2
Removed Pin From Net: NetName=3.3V Pin=P3-3
Removed Pin From Net: NetName=3.3V Pin=P3-4
Removed Pin From Net: NetName=3.3V Pin=P3-5
Removed Pin From Net: NetName=3.3V Pin=P3-6
Removed Pin From Net: NetName=3.3V Pin=P3-7
Removed Pin From Net: NetName=3.3V Pin=P3-8
Removed Pin From Net: NetName=3.3V Pin=P3-10
Removed Pin From Net: NetName=3.3V Pin=P3-11
Removed Pin From Net: NetName=GND Pin=P3-12
Removed Pin From Net: NetName=GND Pin=P3-13
Removed Pin From Net: NetName=GND Pin=P3-14
Removed Pin From Net: NetName=GND Pin=P3-15
Removed Pin From Net: NetName=GND Pin=P3-16
Removed Pin From Net: NetName=GND Pin=P3-17
Removed Pin From Net: NetName=GND Pin=P3-18
Removed Pin From Net: NetName=GND Pin=P3-19
Removed Pin From Net: NetName=GND Pin=P3-20
Removed Pin From Net: NetName=GND Pin=P3-21
Removed Pin From Net: NetName=GND Pin=P3-22
Removed Pin From Net: NetName=GND Pin=P3-23
Removed Pin From Net: NetName=GND Pin=P3-24
Removed Pin From Net: NetName=GND Pin=P3-25
Removed Pin From Net: NetName=GND Pin=P3-26
Removed Pin From Net: NetName=GND Pin=P3-27
Removed Pin From Net: NetName=GND Pin=P3-28
Removed Pin From Net: NetName=GND Pin=P3-29
Removed Pin From Net: NetName=GND Pin=P3-30
Removed Pin From Net: NetName=GND Pin=P3-31
Removed Pin From Net: NetName=GND Pin=P3-32
Removed Pin From Net: NetName=3.3V Pin=P3-35
Removed Pin From Net: NetName=3.3V Pin=P3-43
Removed Pin From Net: NetName=GND Pin=P3-50
Removed Pin From Net: NetName=GND Pin=P5-1
Removed Pin From Net: NetName=3.3V Pin=P5-2
Removed Pin From Net: NetName=3.3V Pin=P5-3
Removed Pin From Net: NetName=GND Pin=P5-8
Removed Pin From Net: NetName=GND Pin=Q1-1
Removed Pin From Net: NetName=3.3V Pin=R8-1
Removed Pin From Net: NetName=GND Pin=R12-2
Removed Pin From Net: NetName=KEY_H_1 Pin=U1-3
Removed Pin From Net: NetName=KEY_H_2 Pin=U1-4
Removed Pin From Net: NetName=VRX1 Pin=U1-10
Removed Pin From Net: NetName=VRY1 Pin=U1-11
Removed Pin From Net: NetName=VRX2 Pin=U1-12
Removed Pin From Net: NetName=VRY2 Pin=U1-13
Removed Pin From Net: NetName=KEY_B_1 Pin=U1-41
Removed Member From Class: ClassName=Sheet2 Member=P5
Removed Member From Class: ClassName=Sheet2 Member=Q1
Removed Member From Class: ClassName=Sheet2 Member=R8
Removed Member From Class: ClassName=Sheet2 Member=R9
Removed Member From Class: ClassName=Sheet2 Member=R12
Added Component: Designator=P3(HDR1X4)
Add component. Clean all parameters for all variants
Add component (AddParameter): Name = "LatestRevisionDate"; Value = "17-Jul-2002"; VariantName = "[No Variations]"
Add component (AddParameter): Name = "LatestRevisionNote"; Value = "Re-released for DXP Platform."; VariantName = "[No Variations]"
Add component (AddParameter): Name = "Publisher"; Value = "Altium Limited"; VariantName = "[No Variations]"
Added Pin To Net: NetName=VBAT+ Pin=C4-1
Added Pin To Net: NetName=GND Pin=C4-2
Added Pin To Net: NetName=5V Pin=C5-1
Added Pin To Net: NetName=GND Pin=C5-2
Added Pin To Net: NetName=5V Pin=C6-1
Added Pin To Net: NetName=NetC6_2 Pin=C6-2
Added Pin To Net: NetName=GND Pin=C7-1
Added Pin To Net: NetName=5V Pin=C7-2
Added Pin To Net: NetName=GND Pin=C8-1
Added Pin To Net: NetName=5V Pin=C8-2
Added Pin To Net: NetName=GND Pin=C9-1
Added Pin To Net: NetName=3.3V Pin=C9-2
Added Pin To Net: NetName=GND Pin=C10-1
Added Pin To Net: NetName=3.3V Pin=C10-2
Added Pin To Net: NetName=NetD5_1 Pin=D5-1
Added Pin To Net: NetName=5V Pin=D5-2
Added Pin To Net: NetName=VBAT+ Pin=L1-1
Added Pin To Net: NetName=NetD5_1 Pin=L1-2
Added Pin To Net: NetName=GND Pin=P3-1
Added Pin To Net: NetName=3.3V Pin=P3-2
Added Pin To Net: NetName=NetR15_1 Pin=R15-1
Added Pin To Net: NetName=VBAT+ Pin=R15-2
Added Pin To Net: NetName=5V Pin=R16-1
Added Pin To Net: NetName=NetC6_2 Pin=R16-2
Added Pin To Net: NetName=GND Pin=R17-1
Added Pin To Net: NetName=NetC6_2 Pin=R17-2
Added Pin To Net: NetName=KEY_H_1 Pin=U1-10
Added Pin To Net: NetName=KEY_H_2 Pin=U1-11
Added Pin To Net: NetName=KEY_B_1 Pin=U1-12
Added Pin To Net: NetName=VRX1 Pin=U1-42
Added Pin To Net: NetName=VRY1 Pin=U1-43
Added Pin To Net: NetName=VRX2 Pin=U1-45
Added Pin To Net: NetName=VRY2 Pin=U1-46
Added Pin To Net: NetName=NetD5_1 Pin=U3-1
Added Pin To Net: NetName=GND Pin=U3-2
Added Pin To Net: NetName=NetC6_2 Pin=U3-3
Added Pin To Net: NetName=NetR15_1 Pin=U3-4
Added Pin To Net: NetName=VBAT+ Pin=U3-5
Added Pin To Net: NetName=GND Pin=U4-1
Added Pin To Net: NetName=3.3V Pin=U4-2
Added Pin To Net: NetName=5V Pin=U4-3
Added Pin To Net: NetName=SCL Pin=P3-3
Added Pin To Net: NetName=SCL Pin=U1-13
Added Net: Name=SCL
Added Pin To Net: NetName=SDA Pin=P3-4
Added Pin To Net: NetName=SDA Pin=U1-14
Added Net: Name=SDA
Added Member To Class: ClassName=Sheet2 Member=Component C4 Cap2
Added Member To Class: ClassName=Sheet2 Member=Component C5 Cap2
Added Member To Class: ClassName=Sheet2 Member=Component C6 Cap
Added Member To Class: ClassName=Sheet2 Member=Component C7 Cap
Added Member To Class: ClassName=Sheet2 Member=Component C8 Cap
Added Member To Class: ClassName=Sheet2 Member=Component C9 Cap
Added Member To Class: ClassName=Sheet2 Member=Component C10 Cap
Added Member To Class: ClassName=Sheet2 Member=Component U3 SX1308
Added Member To Class: ClassName=Sheet2 Member=Component U4 AMS1117-3.3
